<?xml version="1.0" encoding="UTF-8"?>
<testng-results skipped="0" failed="0" total="1" passed="1">
  <reporter-output>
  </reporter-output>
  <suite name="Suite1" duration-ms="475090" started-at="2017-05-01T11:52:10Z" finished-at="2017-05-01T12:00:05Z">
    <groups>
    </groups>
    <test name="Footer" duration-ms="475090" started-at="2017-05-01T11:52:10Z" finished-at="2017-05-01T12:00:05Z">
      <class name="Testcases.footer">
        <test-method status="PASS" signature="extentSetup(org.testng.ITestContext)[pri:0, instance:Testcases.footer@5c3fa85]" name="extentSetup" is-config="true" duration-ms="98" started-at="2017-05-01T17:22:10Z" finished-at="2017-05-01T17:22:10Z">
          <params>
            <param index="0">
              <value>
                <![CDATA[org.testng.TestRunner@45983b21]]>
              </value>
            </param>
          </params>
          <reporter-output>
          </reporter-output>
        </test-method> <!-- extentSetup -->
        <test-method status="PASS" signature="initializeTestBaseSetup(java.lang.reflect.Method)[pri:0, instance:Testcases.footer@5c3fa85]" name="initializeTestBaseSetup" is-config="true" duration-ms="18603" started-at="2017-05-01T17:22:10Z" finished-at="2017-05-01T17:22:28Z">
          <params>
            <param index="0">
              <value>
                <![CDATA[public static void Testcases.footer.Footerlinktest() throws java.lang.InterruptedException]]>
              </value>
            </param>
          </params>
          <reporter-output>
          </reporter-output>
        </test-method> <!-- initializeTestBaseSetup -->
        <test-method status="PASS" signature="Footerlinktest()[pri:0, instance:Testcases.footer@5c3fa85]" name="Footerlinktest" duration-ms="453469" started-at="2017-05-01T17:22:28Z" finished-at="2017-05-01T17:30:02Z">
          <reporter-output>
          </reporter-output>
        </test-method> <!-- Footerlinktest -->
        <test-method status="PASS" signature="afterEachTestMethod(org.testng.ITestResult)[pri:0, instance:Testcases.footer@5c3fa85]" name="afterEachTestMethod" is-config="true" duration-ms="3008" started-at="2017-05-01T17:30:02Z" finished-at="2017-05-01T17:30:05Z">
          <params>
            <param index="0">
              <value>
                <![CDATA[[TestResult name=Footerlinktest status=SUCCESS method=footer.Footerlinktest()[pri:0, instance:Testcases.footer@5c3fa85] output={null}]]]>
              </value>
            </param>
          </params>
          <reporter-output>
          </reporter-output>
        </test-method> <!-- afterEachTestMethod -->
        <test-method status="PASS" signature="generateReport()[pri:0, instance:Testcases.footer@5c3fa85]" name="generateReport" is-config="true" duration-ms="59" started-at="2017-05-01T17:30:05Z" finished-at="2017-05-01T17:30:05Z">
          <reporter-output>
          </reporter-output>
        </test-method> <!-- generateReport -->
      </class> <!-- Testcases.footer -->
    </test> <!-- Footer -->
  </suite> <!-- Suite1 -->
</testng-results>
