<?xml version="1.0" encoding="UTF-8"?>
<!-- Generated by org.testng.reporters.JUnitXMLReporter -->
<testsuite hostname="Koenig-PC" ignored="1" name="smoke test cases" tests="14" failures="1" timestamp="27 May 2017 06:28:25 GMT" time="0.164" errors="0">
  <testcase name="test1" time="0.005" classname="testngFiles.Annotations"/>
  <testcase name="openbrowser" time="0.004" classname="testngFiles.Dependency"/>
  <testcase name="gotourl" time="0.002" classname="testngFiles.Dependency"/>
  <testcase name="closebrowser" time="0.002" classname="testngFiles.Dependency"/>
  <testcase name="verifyHomePageTitle" time="0.071" classname="testngFiles.Example">
    <failure type="java.lang.IllegalStateException" message="The driver executable does not exist: C:\Program Files\Java\geckodriver.exe">
      <![CDATA[java.lang.IllegalStateException: The driver executable does not exist: C:\Program Files\Java\geckodriver.exe
	at com.google.common.base.Preconditions.checkState(Preconditions.java:199)
	at org.openqa.selenium.remote.service.DriverService.checkExecutable(DriverService.java:121)
	at org.openqa.selenium.remote.service.DriverService.findExecutable(DriverService.java:116)
	at org.openqa.selenium.firefox.GeckoDriverService.access$000(GeckoDriverService.java:37)
	at org.openqa.selenium.firefox.GeckoDriverService$Builder.findDefaultExecutable(GeckoDriverService.java:95)
	at org.openqa.selenium.remote.service.DriverService$Builder.build(DriverService.java:296)
	at org.openqa.selenium.firefox.FirefoxDriver.createCommandExecutor(FirefoxDriver.java:277)
	at org.openqa.selenium.firefox.FirefoxDriver.<init>(FirefoxDriver.java:247)
	at org.openqa.selenium.firefox.FirefoxDriver.<init>(FirefoxDriver.java:242)
	at org.openqa.selenium.firefox.FirefoxDriver.<init>(FirefoxDriver.java:238)
	at org.openqa.selenium.firefox.FirefoxDriver.<init>(FirefoxDriver.java:127)
	at testngFiles.Example.verifyHomePageTitle(Example.java:22)
... Removed 25 stack frames]]>
    </failure>
  </testcase> <!-- verifyHomePageTitle -->
  <testcase name="test1" time="0.002" classname="testngFiles.groups"/>
  <testcase name="test2" time="0.002" classname="testngFiles.groups"/>
  <testcase name="test3" time="0.003" classname="testngFiles.groups"/>
  <testcase name="test4" time="0.002" classname="testngFiles.groups"/>
  <testcase name="One" time="0.001" classname="testngFiles.Priority"/>
  <testcase name="testCase1" time="0.001" classname="testngFiles.Sequencing"/>
  <testcase name="testCase2" time="0.001" classname="testngFiles.Sequencing"/>
  <testcase name="Two" time="0.001" classname="testngFiles.Priority"/>
  <testcase name="Four" time="0.005" classname="testngFiles.Priority"/>
  <testcase name="Three" time="0.0" classname="testngFiles.Priority">
    <ignored/>
  </testcase> <!-- Three -->
</testsuite> <!-- smoke test cases -->
