<?xml version="1.0" encoding="UTF-8"?>
<testng-results skipped="0" failed="0" total="1" passed="1">
  <reporter-output>
  </reporter-output>
  <suite name="Default suite" duration-ms="26019" started-at="2017-02-02T12:35:08Z" finished-at="2017-02-02T12:35:34Z">
    <groups>
    </groups>
    <test name="Default test" duration-ms="26019" started-at="2017-02-02T12:35:08Z" finished-at="2017-02-02T12:35:34Z">
      <class name="Temp_test">
        <test-method status="PASS" signature="sorttest()[pri:0, instance:Temp_test@59a6fab1]" name="sorttest" duration-ms="25971" started-at="2017-02-02T18:05:08Z" finished-at="2017-02-02T18:05:34Z">
          <reporter-output>
          </reporter-output>
        </test-method> <!-- sorttest -->
      </class> <!-- Temp_test -->
    </test> <!-- Default test -->
  </suite> <!-- Default suite -->
</testng-results>
