<?xml version="1.0" encoding="UTF-8"?>
<testng-results skipped="0" failed="0" ignored="0" total="1" passed="1">
  <reporter-output>
  </reporter-output>
  <suite name="Default suite" duration-ms="33257" started-at="2017-01-31T10:35:13Z" finished-at="2017-01-31T10:35:46Z">
    <groups>
    </groups>
    <test name="Default test" duration-ms="33257" started-at="2017-01-31T10:35:13Z" finished-at="2017-01-31T10:35:46Z">
      <class name="web_automation.NewTest">
        <test-method status="PASS" signature="f()[pri:0, instance:web_automation.NewTest@3532ec19]" name="f" is-config="true" duration-ms="5122" started-at="2017-01-31T16:05:13Z" finished-at="2017-01-31T16:05:18Z">
          <reporter-output>
          </reporter-output>
        </test-method> <!-- f -->
        <test-method status="PASS" signature="test()[pri:0, instance:web_automation.NewTest@3532ec19]" name="test" duration-ms="17964" started-at="2017-01-31T16:05:18Z" finished-at="2017-01-31T16:05:36Z">
          <reporter-output>
          </reporter-output>
        </test-method> <!-- test -->
        <test-method status="PASS" signature="afterclass()[pri:0, instance:web_automation.NewTest@3532ec19]" name="afterclass" is-config="true" duration-ms="10155" started-at="2017-01-31T16:05:36Z" finished-at="2017-01-31T16:05:46Z">
          <reporter-output>
          </reporter-output>
        </test-method> <!-- afterclass -->
      </class> <!-- web_automation.NewTest -->
    </test> <!-- Default test -->
  </suite> <!-- Default suite -->
</testng-results>
