<?xml version="1.0" encoding="UTF-8"?>
<!-- Generated by org.testng.reporters.JUnitXMLReporter -->
<testsuite hostname="WV619" name="Demo8" tests="1" failures="1" timestamp="12 Oct 2016 10:33:48 GMT" time="1313.15" errors="0">
  <testcase name="Homepage" time="1301.321" classname="TestCases.Homepage_12398_1">
    <failure type="java.lang.AssertionError" message="expected [true] but found [false]">
      <![CDATA[java.lang.AssertionError: expected [true] but found [false]
	at TestCases.Homepage_12398_1.Homepage(Homepage_12398_1.java:27)
... Removed 28 stack frames]]>
    </failure>
  </testcase> <!-- Homepage -->
</testsuite> <!-- Demo8 -->
