<?xml version="1.0" encoding="UTF-8"?>
<!-- Generated by org.testng.reporters.JUnitXMLReporter -->
<testsuite hostname="WV619" name="My Profile" tests="1" failures="1" timestamp="20 Oct 2016 12:11:40 GMT" time="24.887" errors="0">
  <testcase name="verifyPersonalInformation" time="14.898" classname="TestCases.MyAccount12398_02_f">
    <failure type="java.lang.NumberFormatException" message="For input string: &amp;quot;Oktober&amp;quot;">
      <![CDATA[java.lang.NumberFormatException: For input string: "Oktober"
	at java.lang.NumberFormatException.forInputString(Unknown Source)
	at java.lang.Integer.parseInt(Unknown Source)
	at java.lang.Integer.parseInt(Unknown Source)
	at Utility.util.selectdropdownvalue(util.java:213)
	at TestCases.MyAccount12398_02_f.verifyPersonalInformation(MyAccount12398_02_f.java:63)
... Removed 24 stack frames]]>
    </failure>
  </testcase> <!-- verifyPersonalInformation -->
</testsuite> <!-- My Profile -->
