<?xml version="1.0" encoding="UTF-8"?>
<!-- Generated by org.testng.reporters.JUnitXMLReporter -->
<testsuite hostname="wv589" name="Kontackt_form" tests="4" failures="1" timestamp="22 Jun 2017 10:08:06 GMT" time="58.801" errors="0">
  <testcase name="formfillUp" time="6.13" classname="testCases.KontaktPageTest"/>
  <testcase name="formfillUp" time="6.087" classname="testCases.KontaktPageTest">
    <failure type="java.lang.AssertionError" message="Please enter correct email id expected [Die Nachricht wurde erfolgreich übermittelt.] but found [Bitte geben Sie eine gültige E-Mail-Adresse ein.]">
      <![CDATA[java.lang.AssertionError: Please enter correct email id expected [Die Nachricht wurde erfolgreich übermittelt.] but found [Bitte geben Sie eine gültige E-Mail-Adresse ein.]
	at pageObjects.KontaktPage.formvalidation(KontaktPage.java:86)
	at pageObjects.KontaktPage.formSubmit(KontaktPage.java:67)
	at testCases.KontaktPageTest.formfillUp(KontaktPageTest.java:40)
... Removed 28 stack frames]]>
    </failure>
  </testcase> <!-- formfillUp -->
  <testcase name="formfillUp" time="6.094" classname="testCases.KontaktPageTest"/>
  <testcase name="formfillUp" time="6.082" classname="testCases.KontaktPageTest"/>
</testsuite> <!-- Kontackt_form -->
