<?xml version="1.0" encoding="UTF-8"?>
<!-- Generated by org.testng.reporters.JUnitXMLReporter -->
<testsuite hostname="WV619" name="Demo11" tests="2" failures="1" timestamp="17 Oct 2016 10:46:52 GMT" time="70.934" errors="0">
  <testcase name="SearchFunction" time="3.341" classname="TestCases.SearchFunctionality_12398_06_07"/>
  <testcase name="SearchpageFunction" time="3.105" classname="TestCases.SearchFunctionality_12398_06_07">
    <failure type="junit.framework.AssertionFailedError">
      <![CDATA[junit.framework.AssertionFailedError
	at junit.framework.Assert.fail(Assert.java:48)
	at junit.framework.Assert.assertTrue(Assert.java:20)
	at junit.framework.Assert.assertTrue(Assert.java:27)
	at TestCases.SearchFunctionality_12398_06_07.SearchpageFunction(SearchFunctionality_12398_06_07.java:29)
... Removed 24 stack frames]]>
    </failure>
  </testcase> <!-- SearchpageFunction -->
</testsuite> <!-- Demo11 -->
