<?xml version="1.0" encoding="UTF-8"?>
<testng-results skipped="0" failed="0" total="0" passed="0">
  <reporter-output>
  </reporter-output>
  <suite name="test suite by tester" duration-ms="5" started-at="2017-05-31T05:07:15Z" finished-at="2017-05-31T05:07:15Z">
    <groups>
    </groups>
    <test name="smoke test cases by tester" duration-ms="5" started-at="2017-05-31T05:07:15Z" finished-at="2017-05-31T05:07:15Z">
    </test> <!-- smoke test cases by tester -->
  </suite> <!-- test suite by tester -->
</testng-results>
