<?xml version="1.0" encoding="UTF-8"?>
<!-- Generated by org.testng.reporters.JUnitXMLReporter -->
<testsuite hostname="Koenig-PC" ignored="1" name="Default test" tests="3" failures="0" timestamp="27 May 2017 05:50:31 GMT" time="0.062" errors="0">
  <testcase name="One" time="0.018" classname="testngFiles.Priority"/>
  <testcase name="Two" time="0.003" classname="testngFiles.Priority"/>
  <testcase name="Four" time="0.001" classname="testngFiles.Priority"/>
  <testcase name="Three" time="0.0" classname="testngFiles.Priority">
    <ignored/>
  </testcase> <!-- Three -->
</testsuite> <!-- Default test -->
